<?xml version="1.0" encoding="UTF-8"?>
<testng-results skipped="0" failed="0" total="1" passed="1">
  <reporter-output>
  </reporter-output>
  <suite name="Default suite" duration-ms="35908" started-at="2020-10-16T05:14:17Z" finished-at="2020-10-16T05:14:53Z">
    <groups>
    </groups>
    <test name="Default test" duration-ms="35908" started-at="2020-10-16T05:14:17Z" finished-at="2020-10-16T05:14:53Z">
      <class name="DemoBlaze.DemoBlaze.BlazeTests">
        <test-method status="PASS" signature="launchBrowser()[pri:0, instance:DemoBlaze.DemoBlaze.BlazeTests@4cc0edeb]" name="launchBrowser" is-config="true" duration-ms="11015" started-at="2020-10-16T10:44:17Z" finished-at="2020-10-16T10:44:28Z">
          <reporter-output>
          </reporter-output>
        </test-method> <!-- launchBrowser -->
        <test-method status="PASS" signature="AddToCartSony()[pri:0, instance:DemoBlaze.DemoBlaze.BlazeTests@4cc0edeb]" name="AddToCartSony" duration-ms="23724" started-at="2020-10-16T10:44:28Z" finished-at="2020-10-16T10:44:51Z">
          <reporter-output>
          </reporter-output>
        </test-method> <!-- AddToCartSony -->
        <test-method status="PASS" signature="quit()[pri:0, instance:DemoBlaze.DemoBlaze.BlazeTests@4cc0edeb]" name="quit" is-config="true" duration-ms="1144" started-at="2020-10-16T10:44:51Z" finished-at="2020-10-16T10:44:53Z">
          <reporter-output>
          </reporter-output>
        </test-method> <!-- quit -->
      </class> <!-- DemoBlaze.DemoBlaze.BlazeTests -->
    </test> <!-- Default test -->
  </suite> <!-- Default suite -->
</testng-results>
